================= Logging started at 3/17/2016 11:15:19 AM ==================
Created release folders
AdminExecuteSequence table successfully built
AdminUISequence table successfully built
AdvtExecuteSequence table successfully built
AdvtUISequence table successfully built
InstallExecuteSequence table successfully built
InstallUISequence table successfully built
Directory table successfully built
Feature table successfully built
FeatureComponents table successfully built
Component table successfully built
Loading File table
Building File table
Merging modules...
Merging Microsoft Component Category Manager Library: C:\Program Files (x86)\Common Files\Merge Modules\COMCAT.MSM
Merging CMDialog ActiveX Control DLL: C:\Program Files (x86)\Common Files\Merge Modules\COMDLG32.MSM
Merging MDAC 2.7 Sp1 (English): C:\Program Files (x86)\InstallShield\Express 5.0\Objects\MDAC27ENU.msm
Merging Microsoft Common Controls 2 ActiveX Control DLL: C:\Program Files (x86)\Common Files\Merge Modules\MSCOMCT2.MSM
Merging Windows Common Controls ActiveX Control DLL: C:\Program Files (x86)\Common Files\Merge Modules\MSCOMCTL.MSM
Merging MSComm: C:\Program Files (x86)\Common Files\Merge Modules\MSCOMM32.MSM
Merging Microsoft Stock Property Page: C:\Program Files (x86)\Common Files\Merge Modules\MSSTKPRP.MSM
Merging Visual Basic Virtual Machine: C:\Program Files (x86)\Common Files\Merge Modules\MSVBVM60.MSM
Merging Microsoft (R) C Runtime Library: C:\Program Files (x86)\Common Files\Merge Modules\MSVCRT.MSM
Merging Microsoft OLE 2.40  for Windows NT(TM) and Windows 95(TM) Operating Systems: C:\Program Files (x86)\Common Files\Merge Modules\OLEAUT32.MSM
File table successfully built
Building MsiFileHash table
ISEXP : error -6271: File C:\Documents and Settings\NathanRoberts\Desktop\ASTM TEST TOOL\bin\ASTM1394.mdb not found. An error occurred building the MsiFileHash table record for this file. Verify that the file exists in the specified location.
ISEXP : error -6271: File C:\Documents and Settings\NathanRoberts\Desktop\ASTM TEST TOOL\bin\ASTM Protocol Input Records.pdf not found. An error occurred building the MsiFileHash table record for this file. Verify that the file exists in the specified location.
ISEXP : error -6271: File C:\Documents and Settings\NathanRoberts\Desktop\ASTM TEST TOOL\bin\ASTM Protocol Output Records.pdf not found. An error occurred building the MsiFileHash table record for this file. Verify that the file exists in the specified location.
ISEXP : error -6271: File C:\Documents and Settings\NathanRoberts\Desktop\ASTM TEST TOOL\bin\ASTM Protocol Sample Records.pdf not found. An error occurred building the MsiFileHash table record for this file. Verify that the file exists in the specified location.
ISEXP : error -6271: File C:\Documents and Settings\NathanRoberts\Desktop\ASTM TEST TOOL\bin\ASTM_Test_Tool.exe not found. An error occurred building the MsiFileHash table record for this file. Verify that the file exists in the specified location.
ISEXP : error -6271: File C:\Documents and Settings\NathanRoberts\Desktop\ASTM TEST TOOL\bin\Manual.pdf not found. An error occurred building the MsiFileHash table record for this file. Verify that the file exists in the specified location.
ISEXP : error -6271: File C:\Documents and Settings\NathanRoberts\Desktop\ASTM TEST TOOL\bin\ccrpTmr6.dll not found. An error occurred building the MsiFileHash table record for this file. Verify that the file exists in the specified location.
MsiFileHash table successfully built
Class table successfully built
Extension table successfully built
ODBCDataSource table successfully built
ODBCDriver table successfully built
ActionText table successfully built
AppSearch table successfully built
BindImage table successfully built
CCPSearch table successfully built
Condition table successfully built
AppId table successfully built
Property table successfully built
BBControl table successfully built
Billboard table successfully built
Binary table successfully built
CompLocator table successfully built
Complus table successfully built
ControlCondition table successfully built
ControlEvent table successfully built
CreateFolder table successfully built
CustomAction table successfully built
Error table successfully built
DrLocator table successfully built
DuplicateFile table successfully built
Environment table successfully built
EventMapping table successfully built
FileSFPCatalog table successfully built
Font table successfully built
IniFile table successfully built
IniLocator table successfully built
IsolatedComponent table successfully built
ISSelfReg table successfully built
Verb table successfully built
LaunchCondition table successfully built
LockPermissions table successfully built
MIME table successfully built
MoveFile table successfully built
MsiAssembly table successfully built
MsiAssemblyName table successfully built
MsiDigitalCertificate table successfully built
MsiDigitalSignature table successfully built
ODBCAttribute table successfully built
ODBCSourceAttribute table successfully built
ODBCTranslator table successfully built
PatchPackage table successfully built
ProgId table successfully built
PublishComponent table successfully built
Registry table successfully built
RegLocator table successfully built
RemoveFile table successfully built
RemoveIniFile table successfully built
RemoveRegistry table successfully built
ReserveCost table successfully built
SelfReg table successfully built
ServiceControl table successfully built
ServiceInstall table successfully built
SFPCatalog table successfully built
ISEXP : error -1024: The source file "C:\Documents and Settings\NathanRoberts\Desktop\ASTM TEST TOOL\bin\ASTM_Test_Tool.exe" for an icon does not exist.
Shortcut table successfully built
Signature table successfully built
TextStyle table successfully built
TypeLib table successfully built
UIText table successfully built
Upgrade table successfully built
_Validation table successfully built
Searching project for extract-at-build components...
Extracting COM data from 3 component(s)
ISEXP : fatal error -6017: Internal build error
Express\SingleImage - 9 error(s), 0 warning(s)
================= Logging stopped at 3/17/2016 11:15:21 AM ==================
Log file has been created: <file:C:\SupportSoftware\Projects\ASTM TEST TOOL\Deployment\ASTM\Express\SingleImage\LogFiles\3-17-2016 11-15-19 AM.txt>

